<?xml version="1.0" encoding="UTF-8"?>
<!-- Generated by org.testng.reporters.JUnitReportReporter -->
<testsuite hostname="Bevara_Family" failures="0" tests="1" name="SamplePackage.Secondprogram" time="28.829" errors="0" timestamp="2023-11-13T21:30:44 EST" skipped="0">
  <testcase classname="SamplePackage.Secondprogram" name="secondprogramrun" time="28.829"/>
</testsuite> <!-- SamplePackage.Secondprogram -->
