<?xml version="1.0" encoding="UTF-8"?>
<!-- Generated by org.testng.reporters.JUnitReportReporter -->
<testsuite hostname="Bevara_Family" failures="0" tests="3" name="com.Automationpractice.testcases.SampleTestNGtest" time="24.521" errors="0" timestamp="2023-12-25T14:23:23 EST" skipped="0">
  <testcase classname="com.Automationpractice.testcases.SampleTestNGtest" name="EdgeAuto" time="10.233"/>
  <testcase classname="com.Automationpractice.testcases.SampleTestNGtest" name="GoogleLaunch" time="5.247"/>
  <testcase classname="com.Automationpractice.testcases.SampleTestNGtest" name="ChromeAuto" time="9.041"/>
</testsuite> <!-- com.Automationpractice.testcases.SampleTestNGtest -->
