<?xml version="1.0" encoding="UTF-8"?>
<!-- Generated by org.testng.reporters.JUnitReportReporter -->
<testsuite hostname="Bevara_Family" failures="0" tests="1" name="SamplePackage.Dropdownautonotations" time="14.642" errors="0" timestamp="2023-11-19T13:58:39 EST" skipped="0">
  <testcase classname="SamplePackage.Dropdownautonotations" name="Dropdownautonotation" time="14.642"/>
</testsuite> <!-- SamplePackage.Dropdownautonotations -->
