<?xml version="1.0" encoding="UTF-8"?>
<!-- Generated by org.testng.reporters.JUnitReportReporter -->
<testsuite hostname="Bevara_Family" failures="0" tests="1" name="SamplePackage.Dropdownautonotations" time="16.135" errors="0" timestamp="2023-11-13T22:54:55 EST" skipped="0">
  <testcase classname="SamplePackage.Dropdownautonotations" name="Dropdownautonotation" time="16.135"/>
</testsuite> <!-- SamplePackage.Dropdownautonotations -->
