<?xml version="1.0" encoding="UTF-8"?>
<!-- Generated by org.testng.reporters.JUnitReportReporter -->
<testsuite hostname="Bevara_Family" failures="0" tests="1" name="SamplePackage.getwindowhandles" time="12.377" errors="0" timestamp="2023-11-19T13:58:39 EST" skipped="0">
  <testcase classname="SamplePackage.getwindowhandles" name="getwindowhandle" time="12.377"/>
</testsuite> <!-- SamplePackage.getwindowhandles -->
