<?xml version="1.0" encoding="UTF-8"?>
<!-- Generated by org.testng.reporters.JUnitReportReporter -->
<testsuite hostname="Bevara_Family" failures="0" tests="1" name="SamplePackage.getwindowhandles" time="9.949" errors="0" timestamp="2023-11-13T22:54:55 EST" skipped="0">
  <testcase classname="SamplePackage.getwindowhandles" name="getwindowhandle" time="9.949"/>
</testsuite> <!-- SamplePackage.getwindowhandles -->
